{"/Users/sundevil/domains/part-5-tickets-START/src/js/app.js": {"path":"/Users/sundevil/domains/part-5-tickets-START/src/js/app.js","statementMap":{"0":{"start":{"line":8,"column":0},"end":{"line":42,"column":2}},"1":{"start":{"line":9,"column":2},"end":{"line":9,"column":12}},"2":{"start":{"line":10,"column":15},"end":{"line":10,"column":26}},"3":{"start":{"line":13,"column":2},"end":{"line":16,"column":4}},"4":{"start":{"line":14,"column":4},"end":{"line":14,"column":23}},"5":{"start":{"line":15,"column":4},"end":{"line":15,"column":19}},"6":{"start":{"line":20,"column":4},"end":{"line":20,"column":27}},"7":{"start":{"line":21,"column":4},"end":{"line":21,"column":57}},"8":{"start":{"line":26,"column":19},"end":{"line":26,"column":65}},"9":{"start":{"line":27,"column":24},"end":{"line":27,"column":75}},"10":{"start":{"line":28,"column":24},"end":{"line":28,"column":46}},"11":{"start":{"line":29,"column":24},"end":{"line":29,"column":46}},"12":{"start":{"line":30,"column":21},"end":{"line":30,"column":45}},"13":{"start":{"line":32,"column":4},"end":{"line":38,"column":7}},"14":{"start":{"line":40,"column":4},"end":{"line":40,"column":49}}},"fnMap":{"0":{"name":"(anonymous_0)","decl":{"start":{"line":8,"column":46},"end":{"line":8,"column":47}},"loc":{"start":{"line":8,"column":52},"end":{"line":42,"column":1}},"line":8},"1":{"name":"(anonymous_1)","decl":{"start":{"line":13,"column":34},"end":{"line":13,"column":35}},"loc":{"start":{"line":13,"column":39},"end":{"line":16,"column":3}},"line":13},"2":{"name":"initApp","decl":{"start":{"line":19,"column":17},"end":{"line":19,"column":24}},"loc":{"start":{"line":19,"column":27},"end":{"line":22,"column":3}},"line":19},"3":{"name":"onFormSubmit","decl":{"start":{"line":24,"column":17},"end":{"line":24,"column":29}},"loc":{"start":{"line":24,"column":32},"end":{"line":41,"column":3}},"line":24}},"branchMap":{},"s":{"0":0,"1":0,"2":0,"3":0,"4":0,"5":0,"6":0,"7":0,"8":0,"9":0,"10":0,"11":0,"12":0,"13":0,"14":0},"f":{"0":0,"1":0,"2":0,"3":0},"b":{}}
,"/Users/sundevil/domains/part-5-tickets-START/src/js/config/appConfig.js": {"path":"/Users/sundevil/domains/part-5-tickets-START/src/js/config/appConfig.js","statementMap":{"0":{"start":{"line":1,"column":15},"end":{"line":3,"column":1}}},"fnMap":{},"branchMap":{},"s":{"0":0},"f":{},"b":{}}
,"/Users/sundevil/domains/part-5-tickets-START/src/js/heplers/date.js": {"path":"/Users/sundevil/domains/part-5-tickets-START/src/js/heplers/date.js","statementMap":{"0":{"start":{"line":10,"column":15},"end":{"line":10,"column":28}},"1":{"start":{"line":11,"column":2},"end":{"line":11,"column":27}}},"fnMap":{"0":{"name":"formatDate","decl":{"start":{"line":9,"column":16},"end":{"line":9,"column":26}},"loc":{"start":{"line":9,"column":38},"end":{"line":12,"column":1}},"line":9}},"branchMap":{},"s":{"0":1,"1":1},"f":{"0":1},"b":{},"_coverageSchema":"1a1c01bbd47fc00a2c39e90264f33305004495a9","hash":"5c2b51555c5b57af47c3fe7d1d4465b294d48eda"}
,"/Users/sundevil/domains/part-5-tickets-START/src/js/services/apiService.js": {"path":"/Users/sundevil/domains/part-5-tickets-START/src/js/services/apiService.js","statementMap":{"0":{"start":{"line":6,"column":4},"end":{"line":6,"column":25}},"1":{"start":{"line":9,"column":4},"end":{"line":15,"column":5}},"2":{"start":{"line":10,"column":23},"end":{"line":10,"column":63}},"3":{"start":{"line":11,"column":6},"end":{"line":11,"column":26}},"4":{"start":{"line":13,"column":6},"end":{"line":13,"column":23}},"5":{"start":{"line":14,"column":6},"end":{"line":14,"column":32}},"6":{"start":{"line":18,"column":4},"end":{"line":24,"column":5}},"7":{"start":{"line":19,"column":23},"end":{"line":19,"column":60}},"8":{"start":{"line":20,"column":6},"end":{"line":20,"column":26}},"9":{"start":{"line":22,"column":6},"end":{"line":22,"column":23}},"10":{"start":{"line":23,"column":6},"end":{"line":23,"column":32}},"11":{"start":{"line":27,"column":4},"end":{"line":33,"column":5}},"12":{"start":{"line":28,"column":23},"end":{"line":28,"column":62}},"13":{"start":{"line":29,"column":6},"end":{"line":29,"column":26}},"14":{"start":{"line":31,"column":6},"end":{"line":31,"column":23}},"15":{"start":{"line":32,"column":6},"end":{"line":32,"column":32}},"16":{"start":{"line":36,"column":4},"end":{"line":42,"column":5}},"17":{"start":{"line":37,"column":23},"end":{"line":37,"column":78}},"18":{"start":{"line":38,"column":6},"end":{"line":38,"column":26}},"19":{"start":{"line":40,"column":6},"end":{"line":40,"column":23}},"20":{"start":{"line":41,"column":6},"end":{"line":41,"column":32}},"21":{"start":{"line":46,"column":12},"end":{"line":46,"column":27}}},"fnMap":{"0":{"name":"(anonymous_0)","decl":{"start":{"line":5,"column":2},"end":{"line":5,"column":3}},"loc":{"start":{"line":5,"column":22},"end":{"line":7,"column":3}},"line":5},"1":{"name":"(anonymous_1)","decl":{"start":{"line":8,"column":2},"end":{"line":8,"column":3}},"loc":{"start":{"line":8,"column":19},"end":{"line":16,"column":3}},"line":8},"2":{"name":"(anonymous_2)","decl":{"start":{"line":17,"column":2},"end":{"line":17,"column":3}},"loc":{"start":{"line":17,"column":16},"end":{"line":25,"column":3}},"line":17},"3":{"name":"(anonymous_3)","decl":{"start":{"line":26,"column":2},"end":{"line":26,"column":3}},"loc":{"start":{"line":26,"column":18},"end":{"line":34,"column":3}},"line":26},"4":{"name":"(anonymous_4)","decl":{"start":{"line":35,"column":2},"end":{"line":35,"column":3}},"loc":{"start":{"line":35,"column":24},"end":{"line":43,"column":3}},"line":35}},"branchMap":{},"s":{"0":0,"1":0,"2":0,"3":0,"4":0,"5":0,"6":0,"7":0,"8":0,"9":0,"10":0,"11":0,"12":0,"13":0,"14":0,"15":0,"16":0,"17":0,"18":0,"19":0,"20":0,"21":0},"f":{"0":0,"1":0,"2":0,"3":0,"4":0},"b":{}}
,"/Users/sundevil/domains/part-5-tickets-START/src/js/store/locations.js": {"path":"/Users/sundevil/domains/part-5-tickets-START/src/js/store/locations.js","statementMap":{"0":{"start":{"line":6,"column":4},"end":{"line":6,"column":19}},"1":{"start":{"line":7,"column":4},"end":{"line":7,"column":26}},"2":{"start":{"line":8,"column":4},"end":{"line":8,"column":23}},"3":{"start":{"line":9,"column":4},"end":{"line":9,"column":25}},"4":{"start":{"line":10,"column":4},"end":{"line":10,"column":32}},"5":{"start":{"line":11,"column":4},"end":{"line":11,"column":23}},"6":{"start":{"line":12,"column":4},"end":{"line":12,"column":41}},"7":{"start":{"line":15,"column":21},"end":{"line":19,"column":6}},"8":{"start":{"line":20,"column":42},"end":{"line":20,"column":50}},"9":{"start":{"line":21,"column":4},"end":{"line":21,"column":56}},"10":{"start":{"line":22,"column":4},"end":{"line":22,"column":47}},"11":{"start":{"line":23,"column":4},"end":{"line":23,"column":67}},"12":{"start":{"line":24,"column":4},"end":{"line":24,"column":52}},"13":{"start":{"line":25,"column":4},"end":{"line":25,"column":31}},"14":{"start":{"line":29,"column":17},"end":{"line":29,"column":80}},"15":{"start":{"line":29,"column":57},"end":{"line":29,"column":79}},"16":{"start":{"line":30,"column":4},"end":{"line":30,"column":20}},"17":{"start":{"line":34,"column":4},"end":{"line":34,"column":33}},"18":{"start":{"line":38,"column":4},"end":{"line":38,"column":62}},"19":{"start":{"line":42,"column":4},"end":{"line":42,"column":62}},"20":{"start":{"line":47,"column":4},"end":{"line":50,"column":10}},"21":{"start":{"line":48,"column":6},"end":{"line":48,"column":33}},"22":{"start":{"line":49,"column":6},"end":{"line":49,"column":16}},"23":{"start":{"line":55,"column":4},"end":{"line":58,"column":10}},"24":{"start":{"line":56,"column":6},"end":{"line":56,"column":34}},"25":{"start":{"line":57,"column":6},"end":{"line":57,"column":16}},"26":{"start":{"line":64,"column":4},"end":{"line":74,"column":10}},"27":{"start":{"line":65,"column":26},"end":{"line":65,"column":70}},"28":{"start":{"line":66,"column":23},"end":{"line":66,"column":61}},"29":{"start":{"line":67,"column":24},"end":{"line":67,"column":53}},"30":{"start":{"line":68,"column":6},"end":{"line":72,"column":8}},"31":{"start":{"line":73,"column":6},"end":{"line":73,"column":16}},"32":{"start":{"line":78,"column":4},"end":{"line":83,"column":10}},"33":{"start":{"line":79,"column":6},"end":{"line":79,"column":64}},"34":{"start":{"line":80,"column":6},"end":{"line":80,"column":57}},"35":{"start":{"line":81,"column":6},"end":{"line":81,"column":27}},"36":{"start":{"line":82,"column":6},"end":{"line":82,"column":16}},"37":{"start":{"line":87,"column":4},"end":{"line":87,"column":36}},"38":{"start":{"line":91,"column":21},"end":{"line":91,"column":50}},"39":{"start":{"line":92,"column":4},"end":{"line":92,"column":58}},"40":{"start":{"line":93,"column":4},"end":{"line":93,"column":33}},"41":{"start":{"line":97,"column":4},"end":{"line":107,"column":7}},"42":{"start":{"line":98,"column":6},"end":{"line":106,"column":8}},"43":{"start":{"line":111,"column":18},"end":{"line":111,"column":52}}},"fnMap":{"0":{"name":"(anonymous_0)","decl":{"start":{"line":5,"column":2},"end":{"line":5,"column":3}},"loc":{"start":{"line":5,"column":28},"end":{"line":13,"column":3}},"line":5},"1":{"name":"(anonymous_1)","decl":{"start":{"line":14,"column":2},"end":{"line":14,"column":3}},"loc":{"start":{"line":14,"column":15},"end":{"line":26,"column":3}},"line":14},"2":{"name":"(anonymous_2)","decl":{"start":{"line":28,"column":2},"end":{"line":28,"column":3}},"loc":{"start":{"line":28,"column":24},"end":{"line":31,"column":3}},"line":28},"3":{"name":"(anonymous_3)","decl":{"start":{"line":29,"column":49},"end":{"line":29,"column":50}},"loc":{"start":{"line":29,"column":57},"end":{"line":29,"column":79}},"line":29},"4":{"name":"(anonymous_4)","decl":{"start":{"line":33,"column":2},"end":{"line":33,"column":3}},"loc":{"start":{"line":33,"column":26},"end":{"line":35,"column":3}},"line":33},"5":{"name":"(anonymous_5)","decl":{"start":{"line":37,"column":2},"end":{"line":37,"column":3}},"loc":{"start":{"line":37,"column":29},"end":{"line":39,"column":3}},"line":37},"6":{"name":"(anonymous_6)","decl":{"start":{"line":41,"column":2},"end":{"line":41,"column":3}},"loc":{"start":{"line":41,"column":29},"end":{"line":43,"column":3}},"line":41},"7":{"name":"(anonymous_7)","decl":{"start":{"line":46,"column":2},"end":{"line":46,"column":3}},"loc":{"start":{"line":46,"column":32},"end":{"line":51,"column":3}},"line":46},"8":{"name":"(anonymous_8)","decl":{"start":{"line":47,"column":41},"end":{"line":47,"column":42}},"loc":{"start":{"line":47,"column":60},"end":{"line":50,"column":5}},"line":47},"9":{"name":"(anonymous_9)","decl":{"start":{"line":53,"column":2},"end":{"line":53,"column":3}},"loc":{"start":{"line":53,"column":32},"end":{"line":60,"column":3}},"line":53},"10":{"name":"(anonymous_10)","decl":{"start":{"line":55,"column":28},"end":{"line":55,"column":29}},"loc":{"start":{"line":55,"column":46},"end":{"line":58,"column":5}},"line":55},"11":{"name":"(anonymous_11)","decl":{"start":{"line":62,"column":2},"end":{"line":62,"column":3}},"loc":{"start":{"line":62,"column":26},"end":{"line":75,"column":3}},"line":62},"12":{"name":"(anonymous_12)","decl":{"start":{"line":64,"column":25},"end":{"line":64,"column":26}},"loc":{"start":{"line":64,"column":40},"end":{"line":74,"column":5}},"line":64},"13":{"name":"(anonymous_13)","decl":{"start":{"line":77,"column":2},"end":{"line":77,"column":3}},"loc":{"start":{"line":77,"column":30},"end":{"line":84,"column":3}},"line":77},"14":{"name":"(anonymous_14)","decl":{"start":{"line":78,"column":27},"end":{"line":78,"column":28}},"loc":{"start":{"line":78,"column":42},"end":{"line":83,"column":5}},"line":78},"15":{"name":"(anonymous_15)","decl":{"start":{"line":86,"column":2},"end":{"line":86,"column":3}},"loc":{"start":{"line":86,"column":29},"end":{"line":88,"column":3}},"line":86},"16":{"name":"(anonymous_16)","decl":{"start":{"line":90,"column":2},"end":{"line":90,"column":3}},"loc":{"start":{"line":90,"column":29},"end":{"line":94,"column":3}},"line":90},"17":{"name":"(anonymous_17)","decl":{"start":{"line":96,"column":2},"end":{"line":96,"column":3}},"loc":{"start":{"line":96,"column":28},"end":{"line":108,"column":3}},"line":96},"18":{"name":"(anonymous_18)","decl":{"start":{"line":97,"column":38},"end":{"line":97,"column":39}},"loc":{"start":{"line":97,"column":48},"end":{"line":107,"column":5}},"line":97}},"branchMap":{"0":{"loc":{"start":{"line":38,"column":11},"end":{"line":38,"column":62}},"type":"cond-expr","locations":[{"start":{"line":38,"column":33},"end":{"line":38,"column":57}},{"start":{"line":38,"column":60},"end":{"line":38,"column":62}}],"line":38},"1":{"loc":{"start":{"line":42,"column":11},"end":{"line":42,"column":62}},"type":"cond-expr","locations":[{"start":{"line":42,"column":33},"end":{"line":42,"column":57}},{"start":{"line":42,"column":60},"end":{"line":42,"column":62}}],"line":42},"2":{"loc":{"start":{"line":66,"column":23},"end":{"line":66,"column":61}},"type":"binary-expr","locations":[{"start":{"line":66,"column":23},"end":{"line":66,"column":32}},{"start":{"line":66,"column":36},"end":{"line":66,"column":61}}],"line":66},"3":{"loc":{"start":{"line":80,"column":18},"end":{"line":80,"column":56}},"type":"binary-expr","locations":[{"start":{"line":80,"column":18},"end":{"line":80,"column":27}},{"start":{"line":80,"column":31},"end":{"line":80,"column":56}}],"line":80}},"s":{"0":0,"1":0,"2":0,"3":0,"4":0,"5":0,"6":0,"7":0,"8":0,"9":0,"10":0,"11":0,"12":0,"13":0,"14":0,"15":0,"16":0,"17":0,"18":0,"19":0,"20":0,"21":0,"22":0,"23":0,"24":0,"25":0,"26":0,"27":0,"28":0,"29":0,"30":0,"31":0,"32":0,"33":0,"34":0,"35":0,"36":0,"37":0,"38":0,"39":0,"40":0,"41":0,"42":0,"43":0},"f":{"0":0,"1":0,"2":0,"3":0,"4":0,"5":0,"6":0,"7":0,"8":0,"9":0,"10":0,"11":0,"12":0,"13":0,"14":0,"15":0,"16":0,"17":0,"18":0},"b":{"0":[0,0],"1":[0,0],"2":[0,0],"3":[0,0]}}
,"/Users/sundevil/domains/part-5-tickets-START/src/plugins/index.js": {"path":"/Users/sundevil/domains/part-5-tickets-START/src/plugins/index.js","statementMap":{},"fnMap":{},"branchMap":{},"s":{},"f":{},"b":{}}
,"/Users/sundevil/domains/part-5-tickets-START/src/plugins/materialize.js": {"path":"/Users/sundevil/domains/part-5-tickets-START/src/plugins/materialize.js","statementMap":{"0":{"start":{"line":4,"column":15},"end":{"line":4,"column":50}},"1":{"start":{"line":5,"column":0},"end":{"line":5,"column":25}},"2":{"start":{"line":8,"column":2},"end":{"line":8,"column":39}},"3":{"start":{"line":12,"column":21},"end":{"line":12,"column":63}},"4":{"start":{"line":13,"column":0},"end":{"line":19,"column":3}},"5":{"start":{"line":22,"column":2},"end":{"line":22,"column":41}},"6":{"start":{"line":26,"column":20},"end":{"line":26,"column":60}},"7":{"start":{"line":27,"column":0},"end":{"line":30,"column":3}},"8":{"start":{"line":33,"column":2},"end":{"line":33,"column":39}}},"fnMap":{"0":{"name":"getSelectInstance","decl":{"start":{"line":7,"column":16},"end":{"line":7,"column":33}},"loc":{"start":{"line":7,"column":40},"end":{"line":9,"column":1}},"line":7},"1":{"name":"getAutocompleteInstance","decl":{"start":{"line":21,"column":16},"end":{"line":21,"column":39}},"loc":{"start":{"line":21,"column":46},"end":{"line":23,"column":1}},"line":21},"2":{"name":"getDatepickerInstance","decl":{"start":{"line":32,"column":16},"end":{"line":32,"column":37}},"loc":{"start":{"line":32,"column":44},"end":{"line":34,"column":1}},"line":32}},"branchMap":{},"s":{"0":0,"1":0,"2":0,"3":0,"4":0,"5":0,"6":0,"7":0,"8":0},"f":{"0":0,"1":0,"2":0},"b":{}}
,"/Users/sundevil/domains/part-5-tickets-START/src/views/currency.js": {"path":"/Users/sundevil/domains/part-5-tickets-START/src/views/currency.js","statementMap":{"0":{"start":{"line":3,"column":4},"end":{"line":3,"column":56}},"1":{"start":{"line":4,"column":4},"end":{"line":7,"column":5}},"2":{"start":{"line":11,"column":4},"end":{"line":11,"column":31}},"3":{"start":{"line":15,"column":4},"end":{"line":15,"column":46}},"4":{"start":{"line":19,"column":19},"end":{"line":19,"column":35}}},"fnMap":{"0":{"name":"(anonymous_0)","decl":{"start":{"line":2,"column":2},"end":{"line":2,"column":3}},"loc":{"start":{"line":2,"column":16},"end":{"line":8,"column":3}},"line":2},"1":{"name":"(anonymous_1)","decl":{"start":{"line":10,"column":2},"end":{"line":10,"column":3}},"loc":{"start":{"line":10,"column":22},"end":{"line":12,"column":3}},"line":10},"2":{"name":"(anonymous_2)","decl":{"start":{"line":14,"column":2},"end":{"line":14,"column":3}},"loc":{"start":{"line":14,"column":22},"end":{"line":16,"column":3}},"line":14}},"branchMap":{},"s":{"0":0,"1":0,"2":0,"3":0,"4":0},"f":{"0":0,"1":0,"2":0},"b":{}}
,"/Users/sundevil/domains/part-5-tickets-START/src/views/form.js": {"path":"/Users/sundevil/domains/part-5-tickets-START/src/views/form.js","statementMap":{"0":{"start":{"line":5,"column":4},"end":{"line":5,"column":52}},"1":{"start":{"line":6,"column":4},"end":{"line":6,"column":65}},"2":{"start":{"line":7,"column":4},"end":{"line":7,"column":75}},"3":{"start":{"line":8,"column":4},"end":{"line":8,"column":63}},"4":{"start":{"line":9,"column":4},"end":{"line":9,"column":63}},"5":{"start":{"line":11,"column":4},"end":{"line":11,"column":64}},"6":{"start":{"line":12,"column":4},"end":{"line":12,"column":74}},"7":{"start":{"line":14,"column":4},"end":{"line":14,"column":60}},"8":{"start":{"line":15,"column":4},"end":{"line":15,"column":60}},"9":{"start":{"line":19,"column":4},"end":{"line":19,"column":22}},"10":{"start":{"line":23,"column":4},"end":{"line":23,"column":28}},"11":{"start":{"line":27,"column":4},"end":{"line":27,"column":33}},"12":{"start":{"line":31,"column":4},"end":{"line":31,"column":44}},"13":{"start":{"line":35,"column":4},"end":{"line":35,"column":43}},"14":{"start":{"line":39,"column":4},"end":{"line":39,"column":44}},"15":{"start":{"line":40,"column":4},"end":{"line":40,"column":49}},"16":{"start":{"line":44,"column":15},"end":{"line":44,"column":73}}},"fnMap":{"0":{"name":"(anonymous_0)","decl":{"start":{"line":4,"column":2},"end":{"line":4,"column":3}},"loc":{"start":{"line":4,"column":56},"end":{"line":16,"column":3}},"line":4},"1":{"name":"(anonymous_1)","decl":{"start":{"line":18,"column":2},"end":{"line":18,"column":3}},"loc":{"start":{"line":18,"column":13},"end":{"line":20,"column":3}},"line":18},"2":{"name":"(anonymous_2)","decl":{"start":{"line":22,"column":2},"end":{"line":22,"column":3}},"loc":{"start":{"line":22,"column":20},"end":{"line":24,"column":3}},"line":22},"3":{"name":"(anonymous_3)","decl":{"start":{"line":26,"column":2},"end":{"line":26,"column":3}},"loc":{"start":{"line":26,"column":25},"end":{"line":28,"column":3}},"line":26},"4":{"name":"(anonymous_4)","decl":{"start":{"line":30,"column":2},"end":{"line":30,"column":3}},"loc":{"start":{"line":30,"column":24},"end":{"line":32,"column":3}},"line":30},"5":{"name":"(anonymous_5)","decl":{"start":{"line":34,"column":2},"end":{"line":34,"column":3}},"loc":{"start":{"line":34,"column":24},"end":{"line":36,"column":3}},"line":34},"6":{"name":"(anonymous_6)","decl":{"start":{"line":38,"column":2},"end":{"line":38,"column":3}},"loc":{"start":{"line":38,"column":28},"end":{"line":41,"column":3}},"line":38}},"branchMap":{},"s":{"0":0,"1":0,"2":0,"3":0,"4":0,"5":0,"6":0,"7":0,"8":0,"9":0,"10":0,"11":0,"12":0,"13":0,"14":0,"15":0,"16":0},"f":{"0":0,"1":0,"2":0,"3":0,"4":0,"5":0,"6":0},"b":{}}
,"/Users/sundevil/domains/part-5-tickets-START/src/views/tickets.js": {"path":"/Users/sundevil/domains/part-5-tickets-START/src/views/tickets.js","statementMap":{"0":{"start":{"line":5,"column":4},"end":{"line":5,"column":69}},"1":{"start":{"line":6,"column":4},"end":{"line":6,"column":70}},"2":{"start":{"line":10,"column":4},"end":{"line":10,"column":26}},"3":{"start":{"line":12,"column":4},"end":{"line":15,"column":5}},"4":{"start":{"line":13,"column":6},"end":{"line":13,"column":26}},"5":{"start":{"line":14,"column":6},"end":{"line":14,"column":13}},"6":{"start":{"line":17,"column":19},"end":{"line":17,"column":21}},"7":{"start":{"line":18,"column":21},"end":{"line":18,"column":45}},"8":{"start":{"line":20,"column":4},"end":{"line":23,"column":6}},"9":{"start":{"line":21,"column":23},"end":{"line":21,"column":65}},"10":{"start":{"line":22,"column":6},"end":{"line":22,"column":27}},"11":{"start":{"line":24,"column":4},"end":{"line":24,"column":61}},"12":{"start":{"line":28,"column":4},"end":{"line":28,"column":38}},"13":{"start":{"line":32,"column":21},"end":{"line":32,"column":49}},"14":{"start":{"line":33,"column":4},"end":{"line":33,"column":62}},"15":{"start":{"line":37,"column":4},"end":{"line":41,"column":5}},"16":{"start":{"line":45,"column":4},"end":{"line":80,"column":5}},"17":{"start":{"line":84,"column":18},"end":{"line":84,"column":43}}},"fnMap":{"0":{"name":"(anonymous_0)","decl":{"start":{"line":4,"column":2},"end":{"line":4,"column":3}},"loc":{"start":{"line":4,"column":24},"end":{"line":7,"column":3}},"line":4},"1":{"name":"(anonymous_1)","decl":{"start":{"line":9,"column":2},"end":{"line":9,"column":3}},"loc":{"start":{"line":9,"column":25},"end":{"line":25,"column":3}},"line":9},"2":{"name":"(anonymous_2)","decl":{"start":{"line":20,"column":20},"end":{"line":20,"column":21}},"loc":{"start":{"line":20,"column":32},"end":{"line":23,"column":5}},"line":20},"3":{"name":"(anonymous_3)","decl":{"start":{"line":27,"column":2},"end":{"line":27,"column":3}},"loc":{"start":{"line":27,"column":19},"end":{"line":29,"column":3}},"line":27},"4":{"name":"(anonymous_4)","decl":{"start":{"line":31,"column":2},"end":{"line":31,"column":3}},"loc":{"start":{"line":31,"column":17},"end":{"line":34,"column":3}},"line":31},"5":{"name":"(anonymous_5)","decl":{"start":{"line":36,"column":2},"end":{"line":36,"column":3}},"loc":{"start":{"line":36,"column":28},"end":{"line":42,"column":3}},"line":36},"6":{"name":"(anonymous_6)","decl":{"start":{"line":44,"column":2},"end":{"line":44,"column":3}},"loc":{"start":{"line":44,"column":42},"end":{"line":81,"column":3}},"line":44}},"branchMap":{"0":{"loc":{"start":{"line":12,"column":4},"end":{"line":15,"column":5}},"type":"if","locations":[{"start":{"line":12,"column":4},"end":{"line":15,"column":5}},{"start":{},"end":{}}],"line":12}},"s":{"0":0,"1":0,"2":0,"3":0,"4":0,"5":0,"6":0,"7":0,"8":0,"9":0,"10":0,"11":0,"12":0,"13":0,"14":0,"15":0,"16":0,"17":0},"f":{"0":0,"1":0,"2":0,"3":0,"4":0,"5":0,"6":0},"b":{"0":[0,0]}}
}
